<?xml version="1.0" encoding="UTF-8"?>
<!-- Generated by org.testng.reporters.JUnitReportReporter -->
<testsuite hostname="DESKTOP-20USBVS" failures="0" tests="2" name="pack1.chrometest" time="0.011" errors="0" timestamp="2025-05-31T17:06:03 IST" skipped="0">
  <testcase classname="pack1.chrometest" name="VedamTest" time="0.010"/>
  <testcase classname="pack1.chrometest" name="vedalu" time="0.001"/>
</testsuite> <!-- pack1.chrometest -->
